#
# There is insufficient memory for the Java Runtime Environment to continue.
# Native memory allocation (malloc) failed to allocate 131088 bytes. Error detail: Chunk::new
# Possible reasons:
#   The system is out of physical RAM or swap space
#   This process is running with CompressedOops enabled, and the Java Heap may be blocking the growth of the native heap
# Possible solutions:
#   Reduce memory load on the system
#   Increase physical memory or swap space
#   Check if swap backing store is full
#   Decrease Java heap size (-Xmx/-Xms)
#   Decrease number of Java threads
#   Decrease Java thread stack sizes (-Xss)
#   Set larger code cache with -XX:ReservedCodeCacheSize=
#   JVM is running with Unscaled Compressed Oops mode in which the Java heap is
#     placed in the first 4GB address space. The Java Heap base address is the
#     maximum limit for the native heap growth. Please use -XX:HeapBaseMinAddress
#     to set the Java Heap base and to place the Java Heap above 4GB virtual address.
# This output file may be truncated or incomplete.
#
#  Out of Memory Error (arena.cpp:168), pid=25584, tid=20376
#
# JRE version: OpenJDK Runtime Environment Temurin-21.0.7+6 (21.0.7+6) (build 21.0.7+6-LTS)
# Java VM: OpenJDK 64-Bit Server VM Temurin-21.0.7+6 (21.0.7+6-LTS, mixed mode, sharing, tiered, compressed oops, compressed class ptrs, g1 gc, windows-amd64)
# No core dump will be written. Minidumps are not enabled by default on client versions of Windows
#

---------------  S U M M A R Y ------------

Command Line: -Dfile.encoding=UTF-8 -Dstdout.encoding=UTF-8 -Dstderr.encoding=UTF-8 -XX:+ShowCodeDetailsInExceptionMessages Events_Coinpedia.test

Host: 12th Gen Intel(R) Core(TM) i5-12400, 12 cores, 7G,  Windows 11 , 64 bit Build 26100 (10.0.26100.4202)
Time: Tue Jun 17 16:21:11 2025 India Standard Time elapsed time: 10.065023 seconds (0d 0h 0m 10s)

---------------  T H R E A D  ---------------

Current thread (0x000002701dd9f630):  JavaThread "C2 CompilerThread0" daemon [_thread_in_native, id=20376, stack(0x00000099b3100000,0x00000099b3200000) (1024K)]


Current CompileTask:
C2:10065 1994       4       java.lang.invoke.MethodType::methodType (69 bytes)

Stack: [0x00000099b3100000,0x00000099b3200000]
Native frames: (J=compiled Java code, j=interpreted, Vv=VM code, C=native code)
V  [jvm.dll+0x6ce119]
V  [jvm.dll+0x8a84a1]
V  [jvm.dll+0x8aa9ce]
V  [jvm.dll+0x8ab0b3]
V  [jvm.dll+0x27f8a6]
V  [jvm.dll+0xc507d]
V  [jvm.dll+0xc55b3]
V  [jvm.dll+0xc51a5]
V  [jvm.dll+0x6f522f]
V  [jvm.dll+0x3b3618]
V  [jvm.dll+0x3b3a89]
V  [jvm.dll+0x3b3870]
V  [jvm.dll+0x320ab3]
V  [jvm.dll+0x690087]
V  [jvm.dll+0x13681c]
V  [jvm.dll+0x3928e4]
V  [jvm.dll+0x6ebcbe]
V  [jvm.dll+0x6eaf95]
V  [jvm.dll+0x6e638a]
V  [jvm.dll+0x6e0553]
V  [jvm.dll+0x6dfc6e]
V  [jvm.dll+0x6ddd5c]
V  [jvm.dll+0x1ca64c]
V  [jvm.dll+0x2f1e7c]
V  [jvm.dll+0x6e8562]
V  [jvm.dll+0x6e0553]
V  [jvm.dll+0x6dfc6e]
V  [jvm.dll+0x6ddd5c]
V  [jvm.dll+0x1ca64c]
V  [jvm.dll+0x2f1e7c]
V  [jvm.dll+0x6e8562]
V  [jvm.dll+0x6e0553]
V  [jvm.dll+0x6dfc6e]
V  [jvm.dll+0x6ddd5c]
V  [jvm.dll+0x1ca64c]
V  [jvm.dll+0x2f1e7c]
V  [jvm.dll+0x6e8562]
V  [jvm.dll+0x6e0553]
V  [jvm.dll+0x6dfc6e]
V  [jvm.dll+0x6ddd5c]
V  [jvm.dll+0x1ca64c]
V  [jvm.dll+0x2f1e7c]
V  [jvm.dll+0x6e8562]
V  [jvm.dll+0x6e0553]
V  [jvm.dll+0x6dfc6e]
V  [jvm.dll+0x6ddd5c]
V  [jvm.dll+0x1ca64c]
V  [jvm.dll+0x2f1e7c]
V  [jvm.dll+0x6e8562]
V  [jvm.dll+0x6e0553]
V  [jvm.dll+0x6dfc6e]
V  [jvm.dll+0x6ddd5c]
V  [jvm.dll+0x1ca64c]
V  [jvm.dll+0x2f1e7c]
V  [jvm.dll+0x6e8562]
V  [jvm.dll+0x6e0553]
V  [jvm.dll+0x6dfc6e]
V  [jvm.dll+0x6ddd5c]
V  [jvm.dll+0x1ca64c]
V  [jvm.dll+0x2f1e7c]
V  [jvm.dll+0x6e8562]
V  [jvm.dll+0x6e0553]
V  [jvm.dll+0x6dfc6e]
V  [jvm.dll+0x6ddd5c]
V  [jvm.dll+0x1ca64c]
V  [jvm.dll+0x246c3e]
V  [jvm.dll+0x1c760e]
V  [jvm.dll+0x25695a]
V  [jvm.dll+0x254efa]
V  [jvm.dll+0x3f03f6]
V  [jvm.dll+0x851f6b]
V  [jvm.dll+0x6cc7dd]
C  [ucrtbase.dll+0x37b0]
C  [KERNEL32.DLL+0x2e8d7]
C  [ntdll.dll+0x3c34c]


---------------  P R O C E S S  ---------------

Threads class SMR info:
_java_thread_list=0x0000027063b977f0, length=27, elements={
0x00000270037e64f0, 0x000002701dd7d780, 0x000002701dd7e1d0, 0x000002701dd8a330,
0x000002701dd8ad80, 0x000002701dd99cd0, 0x000002701dd9efd0, 0x000002701dd9f630,
0x000002701dda0e90, 0x00000270631054d0, 0x00000270631094e0, 0x00000270636c5780,
0x0000027063a27970, 0x00000270639fee00, 0x00000270639ff460, 0x00000270639ffac0,
0x0000027063aac190, 0x0000027063aac7f0, 0x0000027063aedc00, 0x0000027063b1f580,
0x0000027063b1eef0, 0x0000027063b202a0, 0x0000027063b1e1d0, 0x0000027063b20930,
0x0000027063b20fc0, 0x0000027063b1db40, 0x0000027063b1e860
}

Java Threads: ( => current thread )
  0x00000270037e64f0 JavaThread "main"                              [_thread_blocked, id=15128, stack(0x00000099b2300000,0x00000099b2400000) (1024K)]
  0x000002701dd7d780 JavaThread "Reference Handler"          daemon [_thread_blocked, id=25276, stack(0x00000099b2b00000,0x00000099b2c00000) (1024K)]
  0x000002701dd7e1d0 JavaThread "Finalizer"                  daemon [_thread_blocked, id=22572, stack(0x00000099b2c00000,0x00000099b2d00000) (1024K)]
  0x000002701dd8a330 JavaThread "Signal Dispatcher"          daemon [_thread_blocked, id=1992, stack(0x00000099b2d00000,0x00000099b2e00000) (1024K)]
  0x000002701dd8ad80 JavaThread "Attach Listener"            daemon [_thread_blocked, id=8388, stack(0x00000099b2e00000,0x00000099b2f00000) (1024K)]
  0x000002701dd99cd0 JavaThread "Service Thread"             daemon [_thread_blocked, id=22412, stack(0x00000099b2f00000,0x00000099b3000000) (1024K)]
  0x000002701dd9efd0 JavaThread "Monitor Deflation Thread"   daemon [_thread_blocked, id=12280, stack(0x00000099b3000000,0x00000099b3100000) (1024K)]
=>0x000002701dd9f630 JavaThread "C2 CompilerThread0"         daemon [_thread_in_native, id=20376, stack(0x00000099b3100000,0x00000099b3200000) (1024K)]
  0x000002701dda0e90 JavaThread "C1 CompilerThread0"         daemon [_thread_blocked, id=23172, stack(0x00000099b3200000,0x00000099b3300000) (1024K)]
  0x00000270631054d0 JavaThread "Notification Thread"        daemon [_thread_blocked, id=25376, stack(0x00000099b3300000,0x00000099b3400000) (1024K)]
  0x00000270631094e0 JavaThread "Common-Cleaner"             daemon [_thread_blocked, id=18328, stack(0x00000099b3400000,0x00000099b3500000) (1024K)]
  0x00000270636c5780 JavaThread "ForkJoinPool.commonPool-worker-1" daemon [_thread_blocked, id=25148, stack(0x00000099b3600000,0x00000099b3700000) (1024K)]
  0x0000027063a27970 JavaThread "HttpClient-1-SelectorManager" daemon [_thread_in_native, id=9292, stack(0x00000099b4000000,0x00000099b4100000) (1024K)]
  0x00000270639fee00 JavaThread "External Process Output Forwarder - C:\Users\Priya.UTPL\.cache\selenium\chromedriver\win64\137.0.7151.70\chromedriver.exe" daemon [_thread_in_native, id=12708, stack(0x00000099b4100000,0x00000099b4200000) (1024K)]
  0x00000270639ff460 JavaThread "Driver Service Executor"    daemon [_thread_blocked, id=16288, stack(0x00000099b4200000,0x00000099b4300000) (1024K)]
  0x00000270639ffac0 JavaThread "Driver Service Executor"    daemon [_thread_in_native, id=8584, stack(0x00000099b4300000,0x00000099b4400000) (1024K)]
  0x0000027063aac190 JavaThread "UrlChecker-2"               daemon [_thread_blocked, id=14736, stack(0x00000099b4400000,0x00000099b4500000) (1024K)]
  0x0000027063aac7f0 JavaThread "Keep-Alive-Timer"           daemon [_thread_blocked, id=14372, stack(0x00000099b4600000,0x00000099b4700000) (1024K)]
  0x0000027063aedc00 JavaThread "JdkHttpClient-0-0"          daemon [_thread_blocked, id=18368, stack(0x00000099b4700000,0x00000099b4800000) (1024K)]
  0x0000027063b1f580 JavaThread "CompletableFutureDelayScheduler" daemon [_thread_blocked, id=21340, stack(0x00000099b4800000,0x00000099b4900000) (1024K)]
  0x0000027063b1eef0 JavaThread "JdkHttpClient-0-1"          daemon [_thread_blocked, id=22924, stack(0x00000099b4900000,0x00000099b4a00000) (1024K)]
  0x0000027063b202a0 JavaThread "JdkHttpClient-0-2"          daemon [_thread_blocked, id=25320, stack(0x00000099b4a00000,0x00000099b4b00000) (1024K)]
  0x0000027063b1e1d0 JavaThread "JdkHttpClient-0-3"          daemon [_thread_blocked, id=25044, stack(0x00000099b4b00000,0x00000099b4c00000) (1024K)]
  0x0000027063b20930 JavaThread "HttpClient-2-SelectorManager" daemon [_thread_in_native, id=21128, stack(0x00000099b3500000,0x00000099b3600000) (1024K)]
  0x0000027063b20fc0 JavaThread "JdkHttpClient-1-0"          daemon [_thread_blocked, id=14952, stack(0x00000099b4c00000,0x00000099b4d00000) (1024K)]
  0x0000027063b1db40 JavaThread "JdkHttpClient-1-1"          daemon [_thread_blocked, id=21300, stack(0x00000099b4d00000,0x00000099b4e00000) (1024K)]
  0x0000027063b1e860 JavaThread "JdkHttpClient-1-2"          daemon [_thread_blocked, id=22304, stack(0x00000099b4e00000,0x00000099b4f00000) (1024K)]
Total: 27

Other Threads:
  0x000002701dd63a00 VMThread "VM Thread"                           [id=17456, stack(0x00000099b2a00000,0x00000099b2b00000) (1024K)]
  0x000002701dd504d0 WatcherThread "VM Periodic Task Thread"        [id=19924, stack(0x00000099b2900000,0x00000099b2a00000) (1024K)]
  0x0000027005c044c0 WorkerThread "GC Thread#0"                     [id=6560, stack(0x00000099b2400000,0x00000099b2500000) (1024K)]
  0x00000270639cc3c0 WorkerThread "GC Thread#1"                     [id=15924, stack(0x00000099b3700000,0x00000099b3800000) (1024K)]
  0x0000027063a0bc70 WorkerThread "GC Thread#2"                     [id=21688, stack(0x00000099b3800000,0x00000099b3900000) (1024K)]
  0x0000027063a10170 WorkerThread "GC Thread#3"                     [id=7916, stack(0x00000099b3900000,0x00000099b3a00000) (1024K)]
  0x0000027063a10510 WorkerThread "GC Thread#4"                     [id=19436, stack(0x00000099b3a00000,0x00000099b3b00000) (1024K)]
  0x0000027063a108b0 WorkerThread "GC Thread#5"                     [id=3520, stack(0x00000099b3b00000,0x00000099b3c00000) (1024K)]
  0x0000027063a11060 WorkerThread "GC Thread#6"                     [id=22132, stack(0x00000099b3c00000,0x00000099b3d00000) (1024K)]
  0x0000027063a60120 WorkerThread "GC Thread#7"                     [id=11476, stack(0x00000099b3d00000,0x00000099b3e00000) (1024K)]
  0x0000027063a60cd0 WorkerThread "GC Thread#8"                     [id=25208, stack(0x00000099b3e00000,0x00000099b3f00000) (1024K)]
  0x0000027063a63840 WorkerThread "GC Thread#9"                     [id=19660, stack(0x00000099b3f00000,0x00000099b4000000) (1024K)]
  0x0000027005c160c0 ConcurrentGCThread "G1 Main Marker"            [id=18752, stack(0x00000099b2500000,0x00000099b2600000) (1024K)]
  0x0000027005c16bc0 WorkerThread "G1 Conc#0"                       [id=19968, stack(0x00000099b2600000,0x00000099b2700000) (1024K)]
  0x0000027005c6e7e0 ConcurrentGCThread "G1 Refine#0"               [id=16184, stack(0x00000099b2700000,0x00000099b2800000) (1024K)]
  0x000002701dc21970 ConcurrentGCThread "G1 Service"                [id=19956, stack(0x00000099b2800000,0x00000099b2900000) (1024K)]
Total: 16

Threads with active compile tasks:
C2 CompilerThread0  10103 1994       4       java.lang.invoke.MethodType::methodType (69 bytes)
Total: 1

VM state: not at safepoint (normal execution)

VM Mutex/Monitor currently owned by a thread: None

Heap address: 0x0000000085000000, size: 1968 MB, Compressed Oops mode: 32-bit

CDS archive(s) mapped at: [0x000002701e000000-0x000002701ec80000-0x000002701ec80000), size 13107200, SharedBaseAddress: 0x000002701e000000, ArchiveRelocationMode: 1.
Compressed class space mapped at: 0x000002701f000000-0x000002705f000000, reserved size: 1073741824
Narrow klass base: 0x000002701e000000, Narrow klass shift: 0, Narrow klass range: 0x100000000

GC Precious Log:
 CardTable entry size: 512
 Card Set container configuration: InlinePtr #cards 5 size 8 Array Of Cards #cards 12 size 40 Howl #buckets 4 coarsen threshold 1843 Howl Bitmap #cards 512 size 80 coarsen threshold 460 Card regions per heap region 1 cards per card region 2048
 CPUs: 12 total, 12 available
 Memory: 7867M
 Large Page Support: Disabled
 NUMA Support: Disabled
 Compressed Oops: Enabled (32-bit)
 Heap Region Size: 1M
 Heap Min Capacity: 8M
 Heap Initial Capacity: 124M
 Heap Max Capacity: 1968M
 Pre-touch: Disabled
 Parallel Workers: 10
 Concurrent Workers: 3
 Concurrent Refinement Workers: 10
 Periodic GC: Disabled

Heap:
 garbage-first heap   total 126976K, used 21411K [0x0000000085000000, 0x0000000100000000)
  region size 1024K, 19 young (19456K), 3 survivors (3072K)
 Metaspace       used 12342K, committed 12736K, reserved 1114112K
  class space    used 1463K, committed 1664K, reserved 1048576K

Heap Regions: E=young(eden), S=young(survivor), O=old, HS=humongous(starts), HC=humongous(continues), CS=collection set, F=free, TAMS=top-at-mark-start, PB=parsable bottom
|   0|0x0000000085000000, 0x0000000085100000, 0x0000000085100000|100%|HS|  |TAMS 0x0000000085000000| PB 0x0000000085000000| Complete 
|   1|0x0000000085100000, 0x0000000085200000, 0x0000000085200000|100%| O|  |TAMS 0x0000000085100000| PB 0x0000000085100000| Untracked 
|   2|0x0000000085200000, 0x00000000852e8f50, 0x0000000085300000| 90%| O|  |TAMS 0x0000000085200000| PB 0x0000000085200000| Untracked 
|   3|0x0000000085300000, 0x0000000085300000, 0x0000000085400000|  0%| F|  |TAMS 0x0000000085300000| PB 0x0000000085300000| Untracked 
|   4|0x0000000085400000, 0x0000000085400000, 0x0000000085500000|  0%| F|  |TAMS 0x0000000085400000| PB 0x0000000085400000| Untracked 
|   5|0x0000000085500000, 0x0000000085500000, 0x0000000085600000|  0%| F|  |TAMS 0x0000000085500000| PB 0x0000000085500000| Untracked 
|   6|0x0000000085600000, 0x0000000085600000, 0x0000000085700000|  0%| F|  |TAMS 0x0000000085600000| PB 0x0000000085600000| Untracked 
|   7|0x0000000085700000, 0x0000000085700000, 0x0000000085800000|  0%| F|  |TAMS 0x0000000085700000| PB 0x0000000085700000| Untracked 
|   8|0x0000000085800000, 0x0000000085800000, 0x0000000085900000|  0%| F|  |TAMS 0x0000000085800000| PB 0x0000000085800000| Untracked 
|   9|0x0000000085900000, 0x0000000085900000, 0x0000000085a00000|  0%| F|  |TAMS 0x0000000085900000| PB 0x0000000085900000| Untracked 
|  10|0x0000000085a00000, 0x0000000085a00000, 0x0000000085b00000|  0%| F|  |TAMS 0x0000000085a00000| PB 0x0000000085a00000| Untracked 
|  11|0x0000000085b00000, 0x0000000085b00000, 0x0000000085c00000|  0%| F|  |TAMS 0x0000000085b00000| PB 0x0000000085b00000| Untracked 
|  12|0x0000000085c00000, 0x0000000085c00000, 0x0000000085d00000|  0%| F|  |TAMS 0x0000000085c00000| PB 0x0000000085c00000| Untracked 
|  13|0x0000000085d00000, 0x0000000085d00000, 0x0000000085e00000|  0%| F|  |TAMS 0x0000000085d00000| PB 0x0000000085d00000| Untracked 
|  14|0x0000000085e00000, 0x0000000085e00000, 0x0000000085f00000|  0%| F|  |TAMS 0x0000000085e00000| PB 0x0000000085e00000| Untracked 
|  15|0x0000000085f00000, 0x0000000085f00000, 0x0000000086000000|  0%| F|  |TAMS 0x0000000085f00000| PB 0x0000000085f00000| Untracked 
|  16|0x0000000086000000, 0x0000000086000000, 0x0000000086100000|  0%| F|  |TAMS 0x0000000086000000| PB 0x0000000086000000| Untracked 
|  17|0x0000000086100000, 0x0000000086100000, 0x0000000086200000|  0%| F|  |TAMS 0x0000000086100000| PB 0x0000000086100000| Untracked 
|  18|0x0000000086200000, 0x0000000086200000, 0x0000000086300000|  0%| F|  |TAMS 0x0000000086200000| PB 0x0000000086200000| Untracked 
|  19|0x0000000086300000, 0x0000000086300000, 0x0000000086400000|  0%| F|  |TAMS 0x0000000086300000| PB 0x0000000086300000| Untracked 
|  20|0x0000000086400000, 0x0000000086400000, 0x0000000086500000|  0%| F|  |TAMS 0x0000000086400000| PB 0x0000000086400000| Untracked 
|  21|0x0000000086500000, 0x0000000086500000, 0x0000000086600000|  0%| F|  |TAMS 0x0000000086500000| PB 0x0000000086500000| Untracked 
|  22|0x0000000086600000, 0x0000000086600000, 0x0000000086700000|  0%| F|  |TAMS 0x0000000086600000| PB 0x0000000086600000| Untracked 
|  23|0x0000000086700000, 0x0000000086700000, 0x0000000086800000|  0%| F|  |TAMS 0x0000000086700000| PB 0x0000000086700000| Untracked 
|  24|0x0000000086800000, 0x0000000086800000, 0x0000000086900000|  0%| F|  |TAMS 0x0000000086800000| PB 0x0000000086800000| Untracked 
|  25|0x0000000086900000, 0x0000000086900000, 0x0000000086a00000|  0%| F|  |TAMS 0x0000000086900000| PB 0x0000000086900000| Untracked 
|  26|0x0000000086a00000, 0x0000000086a00000, 0x0000000086b00000|  0%| F|  |TAMS 0x0000000086a00000| PB 0x0000000086a00000| Untracked 
|  27|0x0000000086b00000, 0x0000000086b00000, 0x0000000086c00000|  0%| F|  |TAMS 0x0000000086b00000| PB 0x0000000086b00000| Untracked 
|  28|0x0000000086c00000, 0x0000000086c00000, 0x0000000086d00000|  0%| F|  |TAMS 0x0000000086c00000| PB 0x0000000086c00000| Untracked 
|  29|0x0000000086d00000, 0x0000000086d00000, 0x0000000086e00000|  0%| F|  |TAMS 0x0000000086d00000| PB 0x0000000086d00000| Untracked 
|  30|0x0000000086e00000, 0x0000000086e00000, 0x0000000086f00000|  0%| F|  |TAMS 0x0000000086e00000| PB 0x0000000086e00000| Untracked 
|  31|0x0000000086f00000, 0x0000000086f00000, 0x0000000087000000|  0%| F|  |TAMS 0x0000000086f00000| PB 0x0000000086f00000| Untracked 
|  32|0x0000000087000000, 0x0000000087000000, 0x0000000087100000|  0%| F|  |TAMS 0x0000000087000000| PB 0x0000000087000000| Untracked 
|  33|0x0000000087100000, 0x0000000087100000, 0x0000000087200000|  0%| F|  |TAMS 0x0000000087100000| PB 0x0000000087100000| Untracked 
|  34|0x0000000087200000, 0x0000000087200000, 0x0000000087300000|  0%| F|  |TAMS 0x0000000087200000| PB 0x0000000087200000| Untracked 
|  35|0x0000000087300000, 0x0000000087300000, 0x0000000087400000|  0%| F|  |TAMS 0x0000000087300000| PB 0x0000000087300000| Untracked 
|  36|0x0000000087400000, 0x0000000087400000, 0x0000000087500000|  0%| F|  |TAMS 0x0000000087400000| PB 0x0000000087400000| Untracked 
|  37|0x0000000087500000, 0x0000000087500000, 0x0000000087600000|  0%| F|  |TAMS 0x0000000087500000| PB 0x0000000087500000| Untracked 
|  38|0x0000000087600000, 0x0000000087600000, 0x0000000087700000|  0%| F|  |TAMS 0x0000000087600000| PB 0x0000000087600000| Untracked 
|  39|0x0000000087700000, 0x0000000087700000, 0x0000000087800000|  0%| F|  |TAMS 0x0000000087700000| PB 0x0000000087700000| Untracked 
|  40|0x0000000087800000, 0x0000000087800000, 0x0000000087900000|  0%| F|  |TAMS 0x0000000087800000| PB 0x0000000087800000| Untracked 
|  41|0x0000000087900000, 0x0000000087900000, 0x0000000087a00000|  0%| F|  |TAMS 0x0000000087900000| PB 0x0000000087900000| Untracked 
|  42|0x0000000087a00000, 0x0000000087a00000, 0x0000000087b00000|  0%| F|  |TAMS 0x0000000087a00000| PB 0x0000000087a00000| Untracked 
|  43|0x0000000087b00000, 0x0000000087b00000, 0x0000000087c00000|  0%| F|  |TAMS 0x0000000087b00000| PB 0x0000000087b00000| Untracked 
|  44|0x0000000087c00000, 0x0000000087c00000, 0x0000000087d00000|  0%| F|  |TAMS 0x0000000087c00000| PB 0x0000000087c00000| Untracked 
|  45|0x0000000087d00000, 0x0000000087d00000, 0x0000000087e00000|  0%| F|  |TAMS 0x0000000087d00000| PB 0x0000000087d00000| Untracked 
|  46|0x0000000087e00000, 0x0000000087e00000, 0x0000000087f00000|  0%| F|  |TAMS 0x0000000087e00000| PB 0x0000000087e00000| Untracked 
|  47|0x0000000087f00000, 0x0000000087f00000, 0x0000000088000000|  0%| F|  |TAMS 0x0000000087f00000| PB 0x0000000087f00000| Untracked 
|  48|0x0000000088000000, 0x0000000088000000, 0x0000000088100000|  0%| F|  |TAMS 0x0000000088000000| PB 0x0000000088000000| Untracked 
|  49|0x0000000088100000, 0x0000000088100000, 0x0000000088200000|  0%| F|  |TAMS 0x0000000088100000| PB 0x0000000088100000| Untracked 
|  50|0x0000000088200000, 0x0000000088200000, 0x0000000088300000|  0%| F|  |TAMS 0x0000000088200000| PB 0x0000000088200000| Untracked 
|  51|0x0000000088300000, 0x0000000088300000, 0x0000000088400000|  0%| F|  |TAMS 0x0000000088300000| PB 0x0000000088300000| Untracked 
|  52|0x0000000088400000, 0x0000000088400000, 0x0000000088500000|  0%| F|  |TAMS 0x0000000088400000| PB 0x0000000088400000| Untracked 
|  53|0x0000000088500000, 0x0000000088500000, 0x0000000088600000|  0%| F|  |TAMS 0x0000000088500000| PB 0x0000000088500000| Untracked 
|  54|0x0000000088600000, 0x0000000088600000, 0x0000000088700000|  0%| F|  |TAMS 0x0000000088600000| PB 0x0000000088600000| Untracked 
|  55|0x0000000088700000, 0x0000000088700000, 0x0000000088800000|  0%| F|  |TAMS 0x0000000088700000| PB 0x0000000088700000| Untracked 
|  56|0x0000000088800000, 0x0000000088800000, 0x0000000088900000|  0%| F|  |TAMS 0x0000000088800000| PB 0x0000000088800000| Untracked 
|  57|0x0000000088900000, 0x0000000088900000, 0x0000000088a00000|  0%| F|  |TAMS 0x0000000088900000| PB 0x0000000088900000| Untracked 
|  58|0x0000000088a00000, 0x0000000088a00000, 0x0000000088b00000|  0%| F|  |TAMS 0x0000000088a00000| PB 0x0000000088a00000| Untracked 
|  59|0x0000000088b00000, 0x0000000088b00000, 0x0000000088c00000|  0%| F|  |TAMS 0x0000000088b00000| PB 0x0000000088b00000| Untracked 
|  60|0x0000000088c00000, 0x0000000088c00000, 0x0000000088d00000|  0%| F|  |TAMS 0x0000000088c00000| PB 0x0000000088c00000| Untracked 
|  61|0x0000000088d00000, 0x0000000088d00000, 0x0000000088e00000|  0%| F|  |TAMS 0x0000000088d00000| PB 0x0000000088d00000| Untracked 
|  62|0x0000000088e00000, 0x0000000088e00000, 0x0000000088f00000|  0%| F|  |TAMS 0x0000000088e00000| PB 0x0000000088e00000| Untracked 
|  63|0x0000000088f00000, 0x0000000088f00000, 0x0000000089000000|  0%| F|  |TAMS 0x0000000088f00000| PB 0x0000000088f00000| Untracked 
|  64|0x0000000089000000, 0x0000000089000000, 0x0000000089100000|  0%| F|  |TAMS 0x0000000089000000| PB 0x0000000089000000| Untracked 
|  65|0x0000000089100000, 0x0000000089100000, 0x0000000089200000|  0%| F|  |TAMS 0x0000000089100000| PB 0x0000000089100000| Untracked 
|  66|0x0000000089200000, 0x0000000089200000, 0x0000000089300000|  0%| F|  |TAMS 0x0000000089200000| PB 0x0000000089200000| Untracked 
|  67|0x0000000089300000, 0x0000000089300000, 0x0000000089400000|  0%| F|  |TAMS 0x0000000089300000| PB 0x0000000089300000| Untracked 
|  68|0x0000000089400000, 0x0000000089400000, 0x0000000089500000|  0%| F|  |TAMS 0x0000000089400000| PB 0x0000000089400000| Untracked 
|  69|0x0000000089500000, 0x0000000089500000, 0x0000000089600000|  0%| F|  |TAMS 0x0000000089500000| PB 0x0000000089500000| Untracked 
|  70|0x0000000089600000, 0x0000000089600000, 0x0000000089700000|  0%| F|  |TAMS 0x0000000089600000| PB 0x0000000089600000| Untracked 
|  71|0x0000000089700000, 0x0000000089700000, 0x0000000089800000|  0%| F|  |TAMS 0x0000000089700000| PB 0x0000000089700000| Untracked 
|  72|0x0000000089800000, 0x0000000089800000, 0x0000000089900000|  0%| F|  |TAMS 0x0000000089800000| PB 0x0000000089800000| Untracked 
|  73|0x0000000089900000, 0x0000000089900000, 0x0000000089a00000|  0%| F|  |TAMS 0x0000000089900000| PB 0x0000000089900000| Untracked 
|  74|0x0000000089a00000, 0x0000000089a00000, 0x0000000089b00000|  0%| F|  |TAMS 0x0000000089a00000| PB 0x0000000089a00000| Untracked 
|  75|0x0000000089b00000, 0x0000000089b00000, 0x0000000089c00000|  0%| F|  |TAMS 0x0000000089b00000| PB 0x0000000089b00000| Untracked 
|  76|0x0000000089c00000, 0x0000000089c00000, 0x0000000089d00000|  0%| F|  |TAMS 0x0000000089c00000| PB 0x0000000089c00000| Untracked 
|  77|0x0000000089d00000, 0x0000000089d00000, 0x0000000089e00000|  0%| F|  |TAMS 0x0000000089d00000| PB 0x0000000089d00000| Untracked 
|  78|0x0000000089e00000, 0x0000000089e00000, 0x0000000089f00000|  0%| F|  |TAMS 0x0000000089e00000| PB 0x0000000089e00000| Untracked 
|  79|0x0000000089f00000, 0x0000000089f00000, 0x000000008a000000|  0%| F|  |TAMS 0x0000000089f00000| PB 0x0000000089f00000| Untracked 
|  80|0x000000008a000000, 0x000000008a000000, 0x000000008a100000|  0%| F|  |TAMS 0x000000008a000000| PB 0x000000008a000000| Untracked 
|  81|0x000000008a100000, 0x000000008a100000, 0x000000008a200000|  0%| F|  |TAMS 0x000000008a100000| PB 0x000000008a100000| Untracked 
|  82|0x000000008a200000, 0x000000008a200000, 0x000000008a300000|  0%| F|  |TAMS 0x000000008a200000| PB 0x000000008a200000| Untracked 
|  83|0x000000008a300000, 0x000000008a300000, 0x000000008a400000|  0%| F|  |TAMS 0x000000008a300000| PB 0x000000008a300000| Untracked 
|  84|0x000000008a400000, 0x000000008a400000, 0x000000008a500000|  0%| F|  |TAMS 0x000000008a400000| PB 0x000000008a400000| Untracked 
|  85|0x000000008a500000, 0x000000008a500000, 0x000000008a600000|  0%| F|  |TAMS 0x000000008a500000| PB 0x000000008a500000| Untracked 
|  86|0x000000008a600000, 0x000000008a600000, 0x000000008a700000|  0%| F|  |TAMS 0x000000008a600000| PB 0x000000008a600000| Untracked 
|  87|0x000000008a700000, 0x000000008a700000, 0x000000008a800000|  0%| F|  |TAMS 0x000000008a700000| PB 0x000000008a700000| Untracked 
|  88|0x000000008a800000, 0x000000008a800000, 0x000000008a900000|  0%| F|  |TAMS 0x000000008a800000| PB 0x000000008a800000| Untracked 
|  89|0x000000008a900000, 0x000000008a900000, 0x000000008aa00000|  0%| F|  |TAMS 0x000000008a900000| PB 0x000000008a900000| Untracked 
|  90|0x000000008aa00000, 0x000000008aa00000, 0x000000008ab00000|  0%| F|  |TAMS 0x000000008aa00000| PB 0x000000008aa00000| Untracked 
|  91|0x000000008ab00000, 0x000000008ab00000, 0x000000008ac00000|  0%| F|  |TAMS 0x000000008ab00000| PB 0x000000008ab00000| Untracked 
|  92|0x000000008ac00000, 0x000000008ac00000, 0x000000008ad00000|  0%| F|  |TAMS 0x000000008ac00000| PB 0x000000008ac00000| Untracked 
|  93|0x000000008ad00000, 0x000000008ad00000, 0x000000008ae00000|  0%| F|  |TAMS 0x000000008ad00000| PB 0x000000008ad00000| Untracked 
|  94|0x000000008ae00000, 0x000000008ae00000, 0x000000008af00000|  0%| F|  |TAMS 0x000000008ae00000| PB 0x000000008ae00000| Untracked 
|  95|0x000000008af00000, 0x000000008af00000, 0x000000008b000000|  0%| F|  |TAMS 0x000000008af00000| PB 0x000000008af00000| Untracked 
|  96|0x000000008b000000, 0x000000008b000000, 0x000000008b100000|  0%| F|  |TAMS 0x000000008b000000| PB 0x000000008b000000| Untracked 
|  97|0x000000008b100000, 0x000000008b100000, 0x000000008b200000|  0%| F|  |TAMS 0x000000008b100000| PB 0x000000008b100000| Untracked 
|  98|0x000000008b200000, 0x000000008b300000, 0x000000008b300000|100%| S|CS|TAMS 0x000000008b200000| PB 0x000000008b200000| Complete 
|  99|0x000000008b300000, 0x000000008b400000, 0x000000008b400000|100%| S|CS|TAMS 0x000000008b300000| PB 0x000000008b300000| Complete 
| 100|0x000000008b400000, 0x000000008b500000, 0x000000008b500000|100%| S|CS|TAMS 0x000000008b400000| PB 0x000000008b400000| Complete 
| 101|0x000000008b500000, 0x000000008b500000, 0x000000008b600000|  0%| F|  |TAMS 0x000000008b500000| PB 0x000000008b500000| Untracked 
| 102|0x000000008b600000, 0x000000008b600000, 0x000000008b700000|  0%| F|  |TAMS 0x000000008b600000| PB 0x000000008b600000| Untracked 
| 103|0x000000008b700000, 0x000000008b700000, 0x000000008b800000|  0%| F|  |TAMS 0x000000008b700000| PB 0x000000008b700000| Untracked 
| 104|0x000000008b800000, 0x000000008b800000, 0x000000008b900000|  0%| F|  |TAMS 0x000000008b800000| PB 0x000000008b800000| Untracked 
| 105|0x000000008b900000, 0x000000008b900000, 0x000000008ba00000|  0%| F|  |TAMS 0x000000008b900000| PB 0x000000008b900000| Untracked 
| 106|0x000000008ba00000, 0x000000008ba00000, 0x000000008bb00000|  0%| F|  |TAMS 0x000000008ba00000| PB 0x000000008ba00000| Untracked 
| 107|0x000000008bb00000, 0x000000008bb00000, 0x000000008bc00000|  0%| F|  |TAMS 0x000000008bb00000| PB 0x000000008bb00000| Untracked 
| 108|0x000000008bc00000, 0x000000008bd00000, 0x000000008bd00000|100%| E|  |TAMS 0x000000008bc00000| PB 0x000000008bc00000| Complete 
| 109|0x000000008bd00000, 0x000000008be00000, 0x000000008be00000|100%| E|CS|TAMS 0x000000008bd00000| PB 0x000000008bd00000| Complete 
| 110|0x000000008be00000, 0x000000008bf00000, 0x000000008bf00000|100%| E|CS|TAMS 0x000000008be00000| PB 0x000000008be00000| Complete 
| 111|0x000000008bf00000, 0x000000008c000000, 0x000000008c000000|100%| E|CS|TAMS 0x000000008bf00000| PB 0x000000008bf00000| Complete 
| 112|0x000000008c000000, 0x000000008c100000, 0x000000008c100000|100%| E|CS|TAMS 0x000000008c000000| PB 0x000000008c000000| Complete 
| 113|0x000000008c100000, 0x000000008c200000, 0x000000008c200000|100%| E|CS|TAMS 0x000000008c100000| PB 0x000000008c100000| Complete 
| 114|0x000000008c200000, 0x000000008c300000, 0x000000008c300000|100%| E|CS|TAMS 0x000000008c200000| PB 0x000000008c200000| Complete 
| 115|0x000000008c300000, 0x000000008c400000, 0x000000008c400000|100%| E|CS|TAMS 0x000000008c300000| PB 0x000000008c300000| Complete 
| 116|0x000000008c400000, 0x000000008c500000, 0x000000008c500000|100%| E|CS|TAMS 0x000000008c400000| PB 0x000000008c400000| Complete 
| 117|0x000000008c500000, 0x000000008c600000, 0x000000008c600000|100%| E|CS|TAMS 0x000000008c500000| PB 0x000000008c500000| Complete 
| 118|0x000000008c600000, 0x000000008c700000, 0x000000008c700000|100%| E|CS|TAMS 0x000000008c600000| PB 0x000000008c600000| Complete 
| 119|0x000000008c700000, 0x000000008c800000, 0x000000008c800000|100%| E|CS|TAMS 0x000000008c700000| PB 0x000000008c700000| Complete 
| 120|0x000000008c800000, 0x000000008c900000, 0x000000008c900000|100%| E|CS|TAMS 0x000000008c800000| PB 0x000000008c800000| Complete 
| 121|0x000000008c900000, 0x000000008ca00000, 0x000000008ca00000|100%| E|CS|TAMS 0x000000008c900000| PB 0x000000008c900000| Complete 
| 122|0x000000008ca00000, 0x000000008cb00000, 0x000000008cb00000|100%| E|CS|TAMS 0x000000008ca00000| PB 0x000000008ca00000| Complete 
| 123|0x000000008cb00000, 0x000000008cc00000, 0x000000008cc00000|100%| E|CS|TAMS 0x000000008cb00000| PB 0x000000008cb00000| Complete 

Card table byte_map: [0x0000027018e80000,0x0000027019260000] _byte_map_base: 0x0000027018a58000

Marking Bits: (CMBitMap*) 0x0000027005c04bc0
 Bits: [0x0000027019260000, 0x000002701b120000)

Polling page: 0x0000027005330000

Metaspace:

Usage:
  Non-class:     10.62 MB used.
      Class:      1.43 MB used.
       Both:     12.05 MB used.

Virtual space:
  Non-class space:       64.00 MB reserved,      10.81 MB ( 17%) committed,  1 nodes.
      Class space:        1.00 GB reserved,       1.62 MB ( <1%) committed,  1 nodes.
             Both:        1.06 GB reserved,      12.44 MB (  1%) committed. 

Chunk freelists:
   Non-Class:  5.20 MB
       Class:  14.34 MB
        Both:  19.54 MB

MaxMetaspaceSize: unlimited
CompressedClassSpaceSize: 1.00 GB
Initial GC threshold: 21.00 MB
Current GC threshold: 21.00 MB
CDS: on
 - commit_granule_bytes: 65536.
 - commit_granule_words: 8192.
 - virtual_space_node_default_size: 8388608.
 - enlarge_chunks_in_place: 1.
 - use_allocation_guard: 0.


Internal statistics:

num_allocs_failed_limit: 0.
num_arena_births: 364.
num_arena_deaths: 0.
num_vsnodes_births: 2.
num_vsnodes_deaths: 0.
num_space_committed: 199.
num_space_uncommitted: 0.
num_chunks_returned_to_freelist: 0.
num_chunks_taken_from_freelist: 664.
num_chunk_merges: 0.
num_chunk_splits: 382.
num_chunks_enlarged: 205.
num_inconsistent_stats: 0.

CodeHeap 'non-profiled nmethods': size=120000Kb used=630Kb max_used=630Kb free=119369Kb
 bounds [0x0000027011020000, 0x0000027011290000, 0x0000027018550000]
CodeHeap 'profiled nmethods': size=120000Kb used=3682Kb max_used=3682Kb free=116317Kb
 bounds [0x0000027009550000, 0x00000270098f0000, 0x0000027010a80000]
CodeHeap 'non-nmethods': size=5760Kb used=1453Kb max_used=1479Kb free=4306Kb
 bounds [0x0000027010a80000, 0x0000027010cf0000, 0x0000027011020000]
 total_blobs=2547 nmethods=2011 adapters=440
 compilation: enabled
              stopped_count=0, restarted_count=0
 full_count=0

Compilation events (20 events):
Event: 10.061 Thread 0x000002701dda0e90 1999       3       java.lang.StringBuilder::append (6 bytes)
Event: 10.061 Thread 0x000002701dda0e90 nmethod 1999 0x00000270098e4a10 code [0x00000270098e4bc0, 0x00000270098e4d70]
Event: 10.061 Thread 0x000002701dda0e90 2000       1       java.util.TreeMap$Entry::getValue (5 bytes)
Event: 10.061 Thread 0x000002701dda0e90 nmethod 2000 0x00000270110bc790 code [0x00000270110bc920, 0x00000270110bc9e8]
Event: 10.061 Thread 0x000002701dda0e90 2001       3       java.lang.invoke.LambdaFormEditor$TransformKey::of (49 bytes)
Event: 10.061 Thread 0x000002701dda0e90 nmethod 2001 0x00000270098e4e90 code [0x00000270098e50a0, 0x00000270098e55f0]
Event: 10.061 Thread 0x000002701dda0e90 2003       3       jdk.internal.org.objectweb.asm.Frame::accept (264 bytes)
Event: 10.062 Thread 0x000002701dda0e90 nmethod 2003 0x00000270098e5810 code [0x00000270098e5a40, 0x00000270098e62e0]
Event: 10.062 Thread 0x000002701dda0e90 2004       3       jdk.internal.org.objectweb.asm.MethodWriter::visitFrameStart (55 bytes)
Event: 10.062 Thread 0x000002701dda0e90 nmethod 2004 0x00000270098e6690 code [0x00000270098e6840, 0x00000270098e6b38]
Event: 10.062 Thread 0x000002701dda0e90 2009       3       java.util.Arrays::fill (28 bytes)
Event: 10.062 Thread 0x000002701dda0e90 nmethod 2009 0x00000270098e6c90 code [0x00000270098e6e60, 0x00000270098e71f0]
Event: 10.062 Thread 0x000002701dda0e90 2005       3       jdk.internal.org.objectweb.asm.MethodWriter::visitFrameEnd (53 bytes)
Event: 10.062 Thread 0x000002701dda0e90 nmethod 2005 0x00000270098e7390 code [0x00000270098e7560, 0x00000270098e7a30]
Event: 10.062 Thread 0x000002701dda0e90 2002       3       java.lang.invoke.LambdaFormEditor$TransformKey::bval (26 bytes)
Event: 10.062 Thread 0x000002701dda0e90 nmethod 2002 0x00000270098e7b90 code [0x00000270098e7d20, 0x00000270098e7e28]
Event: 10.062 Thread 0x000002701dda0e90 2006       1       java.lang.invoke.ClassSpecializer$SpeciesData::getterFunctions (5 bytes)
Event: 10.063 Thread 0x000002701dda0e90 nmethod 2006 0x00000270110bd090 code [0x00000270110bd220, 0x00000270110bd2e8]
Event: 10.063 Thread 0x000002701dda0e90 2012       3       java.lang.invoke.LambdaForm$Name::internArguments (62 bytes)
Event: 10.063 Thread 0x000002701dda0e90 nmethod 2012 0x00000270098e7e90 code [0x00000270098e8080, 0x00000270098e8728]

GC Heap History (2 events):
Event: 0.511 GC heap before
{Heap before GC invocations=0 (full 0):
 garbage-first heap   total 126976K, used 23552K [0x0000000085000000, 0x0000000100000000)
  region size 1024K, 23 young (23552K), 0 survivors (0K)
 Metaspace       used 8604K, committed 8832K, reserved 1114112K
  class space    used 957K, committed 1088K, reserved 1048576K
}
Event: 0.516 GC heap after
{Heap after GC invocations=1 (full 0):
 garbage-first heap   total 126976K, used 6051K [0x0000000085000000, 0x0000000100000000)
  region size 1024K, 3 young (3072K), 3 survivors (3072K)
 Metaspace       used 8604K, committed 8832K, reserved 1114112K
  class space    used 957K, committed 1088K, reserved 1048576K
}

Dll operation events (10 events):
Event: 0.006 Loaded shared library C:\Users\Priya.UTPL\.p2\pool\plugins\org.eclipse.justj.openjdk.hotspot.jre.full.win32.x86_64_21.0.7.v20250502-0916\jre\bin\java.dll
Event: 0.025 Loaded shared library C:\Users\Priya.UTPL\.p2\pool\plugins\org.eclipse.justj.openjdk.hotspot.jre.full.win32.x86_64_21.0.7.v20250502-0916\jre\bin\zip.dll
Event: 0.064 Loaded shared library C:\Users\Priya.UTPL\.p2\pool\plugins\org.eclipse.justj.openjdk.hotspot.jre.full.win32.x86_64_21.0.7.v20250502-0916\jre\bin\net.dll
Event: 0.065 Loaded shared library C:\Users\Priya.UTPL\.p2\pool\plugins\org.eclipse.justj.openjdk.hotspot.jre.full.win32.x86_64_21.0.7.v20250502-0916\jre\bin\nio.dll
Event: 0.069 Loaded shared library C:\Users\Priya.UTPL\.p2\pool\plugins\org.eclipse.justj.openjdk.hotspot.jre.full.win32.x86_64_21.0.7.v20250502-0916\jre\bin\zip.dll
Event: 0.106 Loaded shared library C:\Users\Priya.UTPL\.p2\pool\plugins\org.eclipse.justj.openjdk.hotspot.jre.full.win32.x86_64_21.0.7.v20250502-0916\jre\bin\jimage.dll
Event: 0.138 Loaded shared library C:\Users\Priya.UTPL\.p2\pool\plugins\org.eclipse.justj.openjdk.hotspot.jre.full.win32.x86_64_21.0.7.v20250502-0916\jre\bin\extnet.dll
Event: 0.164 Loaded shared library C:\Users\Priya.UTPL\.p2\pool\plugins\org.eclipse.justj.openjdk.hotspot.jre.full.win32.x86_64_21.0.7.v20250502-0916\jre\bin\management.dll
Event: 0.167 Loaded shared library C:\Users\Priya.UTPL\.p2\pool\plugins\org.eclipse.justj.openjdk.hotspot.jre.full.win32.x86_64_21.0.7.v20250502-0916\jre\bin\management_ext.dll
Event: 0.484 Loaded shared library C:\Users\Priya.UTPL\.p2\pool\plugins\org.eclipse.justj.openjdk.hotspot.jre.full.win32.x86_64_21.0.7.v20250502-0916\jre\bin\sunmscapi.dll

Deoptimization events (20 events):
Event: 0.528 Thread 0x00000270037e64f0 DEOPT PACKING pc=0x000002700976646a sp=0x00000099b23fdbf0
Event: 0.528 Thread 0x00000270037e64f0 DEOPT UNPACKING pc=0x0000027010ad4e42 sp=0x00000099b23fd028 mode 0
Event: 0.532 Thread 0x00000270037e64f0 Uncommon trap: trap_request=0xffffffde fr.pc=0x0000027011047064 relative=0x0000000000000304
Event: 0.532 Thread 0x00000270037e64f0 Uncommon trap: reason=class_check action=maybe_recompile pc=0x0000027011047064 method=java.util.regex.Pattern$BmpCharPropertyGreedy.match(Ljava/util/regex/Matcher;ILjava/lang/CharSequence;)Z @ 26 c2
Event: 0.532 Thread 0x00000270037e64f0 DEOPT PACKING pc=0x0000027011047064 sp=0x00000099b23fe2f0
Event: 0.532 Thread 0x00000270037e64f0 DEOPT UNPACKING pc=0x0000027010ad46a2 sp=0x00000099b23fe2a8 mode 2
Event: 0.533 Thread 0x00000270037e64f0 Uncommon trap: trap_request=0xffffffde fr.pc=0x0000027011047064 relative=0x0000000000000304
Event: 0.533 Thread 0x00000270037e64f0 Uncommon trap: reason=class_check action=maybe_recompile pc=0x0000027011047064 method=java.util.regex.Pattern$BmpCharPropertyGreedy.match(Ljava/util/regex/Matcher;ILjava/lang/CharSequence;)Z @ 26 c2
Event: 0.533 Thread 0x00000270037e64f0 DEOPT PACKING pc=0x0000027011047064 sp=0x00000099b23fe2f0
Event: 0.533 Thread 0x00000270037e64f0 DEOPT UNPACKING pc=0x0000027010ad46a2 sp=0x00000099b23fe2a8 mode 2
Event: 0.545 Thread 0x0000027063aac190 Uncommon trap: trap_request=0xffffffde fr.pc=0x0000027011047064 relative=0x0000000000000304
Event: 0.545 Thread 0x0000027063aac190 Uncommon trap: reason=class_check action=maybe_recompile pc=0x0000027011047064 method=java.util.regex.Pattern$BmpCharPropertyGreedy.match(Ljava/util/regex/Matcher;ILjava/lang/CharSequence;)Z @ 26 c2
Event: 0.545 Thread 0x0000027063aac190 DEOPT PACKING pc=0x0000027011047064 sp=0x00000099b44fe390
Event: 0.545 Thread 0x0000027063aac190 DEOPT UNPACKING pc=0x0000027010ad46a2 sp=0x00000099b44fe328 mode 2
Event: 0.547 Thread 0x0000027063aac190 Uncommon trap: trap_request=0xffffff45 fr.pc=0x000002701108b0f8 relative=0x0000000000000198
Event: 0.547 Thread 0x0000027063aac190 Uncommon trap: reason=unstable_if action=reinterpret pc=0x000002701108b0f8 method=java.lang.invoke.VarHandle.checkAccessModeThenIsDirect(Ljava/lang/invoke/VarHandle$AccessDescriptor;)Z @ 4 c2
Event: 0.547 Thread 0x0000027063aac190 DEOPT PACKING pc=0x000002701108b0f8 sp=0x00000099b44fe920
Event: 0.547 Thread 0x0000027063aac190 DEOPT UNPACKING pc=0x0000027010ad46a2 sp=0x00000099b44fe858 mode 2
Event: 9.641 Thread 0x00000270037e64f0 DEOPT PACKING pc=0x000002700970f910 sp=0x00000099b23fea40
Event: 9.641 Thread 0x00000270037e64f0 DEOPT UNPACKING pc=0x0000027010ad4e42 sp=0x00000099b23fe018 mode 0

Classes loaded (20 events):
Event: 1.293 Loading class java/time/zone/ZoneRulesProvider
Event: 1.293 Loading class java/time/zone/ZoneRulesProvider done
Event: 1.293 Loading class java/time/zone/ZoneRulesProvider$1
Event: 1.293 Loading class java/time/zone/ZoneRulesProvider$1 done
Event: 1.293 Loading class java/time/zone/TzdbZoneRulesProvider
Event: 1.294 Loading class java/time/zone/TzdbZoneRulesProvider done
Event: 1.295 Loading class java/time/zone/Ser
Event: 1.295 Loading class java/io/Externalizable
Event: 1.295 Loading class java/io/Externalizable done
Event: 1.295 Loading class java/time/zone/Ser done
Event: 9.664 Loading class java/net/URLEncoder
Event: 9.664 Loading class java/net/URLEncoder done
Event: 9.664 Loading class java/util/BitSet
Event: 9.665 Loading class java/util/BitSet done
Event: 9.665 Loading class java/io/CharArrayWriter
Event: 9.666 Loading class java/io/CharArrayWriter done
Event: 10.059 Loading class java/util/TreeMap$EntrySpliterator
Event: 10.059 Loading class java/util/TreeMap$EntrySpliterator done
Event: 10.060 Loading class java/util/stream/SortedOps$SizedRefSortingSink
Event: 10.060 Loading class java/util/stream/SortedOps$SizedRefSortingSink done

Classes unloaded (0 events):
No events

Classes redefined (0 events):
No events

Internal exceptions (20 events):
Event: 0.388 Thread 0x00000270037e64f0 Exception <a 'sun/nio/fs/WindowsException'{0x000000008bf70158}> (0x000000008bf70158) 
thrown [s\src\hotspot\share\prims\jni.cpp, line 520]
Event: 0.420 Thread 0x00000270037e64f0 Exception <a 'java/lang/NoSuchMethodError'{0x000000008bdfa4e0}: 'void java.lang.invoke.DirectMethodHandle$Holder.invokeVirtual(java.lang.Object, java.lang.Object)'> (0x000000008bdfa4e0) 
thrown [s\src\hotspot\share\interpreter\linkResolver.cpp, line 773]
Event: 0.453 Thread 0x00000270037e64f0 Exception <a 'java/lang/NoSuchMethodError'{0x000000008b7a6590}: 'java.lang.Object java.lang.invoke.DirectMethodHandle$Holder.invokeStaticInit(java.lang.Object, int, int, int, int)'> (0x000000008b7a6590) 
thrown [s\src\hotspot\share\interpreter\linkResolver.cpp, line 773]
Event: 0.468 Thread 0x00000270037e64f0 Exception <a 'java/lang/NoSuchMethodError'{0x000000008b6725c8}: 'java.lang.Object java.lang.invoke.DirectMethodHandle$Holder.invokeStaticInit(java.lang.Object, java.lang.Object, int, int, int, int)'> (0x000000008b6725c8) 
thrown [s\src\hotspot\share\interpreter\linkResolver.cpp, line 773]
Event: 0.531 Thread 0x00000270037e64f0 Exception <a 'java/lang/NoSuchMethodError'{0x000000008ca1f8e8}: 'java.lang.Object java.lang.invoke.DirectMethodHandle$Holder.invokeInterface(java.lang.Object, java.lang.Object, java.lang.Object)'> (0x000000008ca1f8e8) 
thrown [s\src\hotspot\share\interpreter\linkResolver.cpp, line 773]
Event: 0.532 Thread 0x00000270037e64f0 Exception <a 'java/lang/IncompatibleClassChangeError'{0x000000008ca22cf0}: Found class java.lang.Object, but interface was expected> (0x000000008ca22cf0) 
thrown [s\src\hotspot\share\interpreter\linkResolver.cpp, line 840]
Event: 0.532 Thread 0x00000270037e64f0 Exception <a 'java/lang/NoSuchMethodError'{0x000000008ca2a320}: 'int java.lang.invoke.DirectMethodHandle$Holder.invokeSpecialIFC(java.lang.Object, java.lang.Object, java.lang.Object, java.lang.Object)'> (0x000000008ca2a320) 
thrown [s\src\hotspot\share\interpreter\linkResolver.cpp, line 773]
Event: 0.534 Thread 0x00000270037e64f0 Exception <a 'java/lang/NoSuchMethodError'{0x000000008ca4c5c8}: 'java.lang.Object java.lang.invoke.DirectMethodHandle$Holder.invokeVirtual(java.lang.Object, java.lang.Object, java.lang.Object, java.lang.Object)'> (0x000000008ca4c5c8) 
thrown [s\src\hotspot\share\interpreter\linkResolver.cpp, line 773]
Event: 0.547 Thread 0x0000027063aac190 Exception <a 'java/net/ConnectException'{0x000000008c90afc0}: Connection refused: getsockopt> (0x000000008c90afc0) 
thrown [s\src\hotspot\share\prims\jni.cpp, line 539]
Event: 0.565 Thread 0x0000027063aac190 Exception <a 'java/net/ConnectException'{0x000000008c90c110}: Connection refused: getsockopt> (0x000000008c90c110) 
thrown [s\src\hotspot\share\prims\jni.cpp, line 539]
Event: 0.614 Thread 0x00000270037e64f0 Exception <a 'java/lang/NoSuchMethodError'{0x000000008c985858}: 'java.lang.Object java.lang.invoke.DirectMethodHandle$Holder.newInvokeSpecial(java.lang.Object, java.lang.Object, int, int)'> (0x000000008c985858) 
thrown [s\src\hotspot\share\interpreter\linkResolver.cpp, line 773]
Event: 0.615 Thread 0x00000270037e64f0 Exception <a 'java/lang/NoSuchMethodError'{0x000000008c990460}: 'void java.lang.invoke.DirectMethodHandle$Holder.invokeStatic(java.lang.Object, java.lang.Object, int)'> (0x000000008c990460) 
thrown [s\src\hotspot\share\interpreter\linkResolver.cpp, line 773]
Event: 0.620 Thread 0x00000270037e64f0 Exception <a 'java/lang/NoSuchMethodError'{0x000000008c80b6d8}: 'java.lang.Object java.lang.invoke.DirectMethodHandle$Holder.newInvokeSpecial(java.lang.Object, java.lang.Object, java.lang.Object, java.lang.Object, java.lang.Object)'> (0x000000008c80b6d8) 
thrown [s\src\hotspot\share\interpreter\linkResolver.cpp, line 773]
Event: 0.643 Thread 0x0000027063aedc00 Exception <a 'java/lang/NoSuchMethodError'{0x000000008c639fa0}: 'java.lang.Object java.lang.invoke.DirectMethodHandle$Holder.invokeSpecial(java.lang.Object, java.lang.Object, java.lang.Object, java.lang.Object, int)'> (0x000000008c639fa0) 
thrown [s\src\hotspot\share\interpreter\linkResolver.cpp, line 773]
Event: 0.643 Thread 0x0000027063aedc00 Exception <a 'java/lang/NoSuchMethodError'{0x000000008c63d908}: 'java.lang.Object java.lang.invoke.Invokers$Holder.linkToTargetMethod(java.lang.Object, java.lang.Object, int, java.lang.Object)'> (0x000000008c63d908) 
thrown [s\src\hotspot\share\interpreter\linkResolver.cpp, line 773]
Event: 0.647 Thread 0x0000027063aedc00 Exception <a 'java/lang/NoSuchMethodError'{0x000000008c6b1808}: 'void java.lang.invoke.DirectMethodHandle$Holder.invokeSpecial(java.lang.Object, java.lang.Object, java.lang.Object)'> (0x000000008c6b1808) 
thrown [s\src\hotspot\share\interpreter\linkResolver.cpp, line 773]
Event: 0.653 Thread 0x0000027063aedc00 Exception <a 'java/lang/NoSuchMethodError'{0x000000008c557498}: 'void java.lang.invoke.DirectMethodHandle$Holder.invokeSpecial(java.lang.Object, java.lang.Object, java.lang.Object, java.lang.Object, java.lang.Object)'> (0x000000008c557498) 
thrown [s\src\hotspot\share\interpreter\linkResolver.cpp, line 773]
Event: 1.210 Thread 0x0000027063b1eef0 Exception <a 'java/lang/NoSuchMethodError'{0x000000008c3055d8}: 'void java.lang.invoke.DirectMethodHandle$Holder.invokeSpecial(java.lang.Object, java.lang.Object, java.lang.Object, java.lang.Object, java.lang.Object, java.lang.Object, java.lang.Object)'> (0x000000008c3055d8) 
thrown [s\src\hotspot\share\interpreter\linkResolver.cpp, line 773]
Event: 1.221 Thread 0x00000270037e64f0 Exception <a 'java/lang/NoSuchMethodError'{0x000000008c36ad80}: 'java.lang.Object java.lang.invoke.DirectMethodHandle$Holder.invokeSpecialIFC(java.lang.Object, java.lang.Object, java.lang.Object)'> (0x000000008c36ad80) 
thrown [s\src\hotspot\share\interpreter\linkResolver.cpp, line 773]
Event: 1.296 Thread 0x00000270037e64f0 Exception <a 'java/lang/NoSuchMethodError'{0x000000008be3c100}: 'void java.lang.invoke.DirectMethodHandle$Holder.invokeStaticInit(java.lang.Object, java.lang.Object)'> (0x000000008be3c100) 
thrown [s\src\hotspot\share\interpreter\linkResolver.cpp, line 773]

ZGC Phase Switch (0 events):
No events

VM Operations (20 events):
Event: 0.354 Executing VM operation: HandshakeAllThreads (Deoptimize)
Event: 0.354 Executing VM operation: HandshakeAllThreads (Deoptimize) done
Event: 0.374 Executing VM operation: HandshakeAllThreads (Deoptimize)
Event: 0.374 Executing VM operation: HandshakeAllThreads (Deoptimize) done
Event: 0.511 Executing VM operation: G1CollectForAllocation (G1 Evacuation Pause)
Event: 0.516 Executing VM operation: G1CollectForAllocation (G1 Evacuation Pause) done
Event: 0.541 Executing VM operation: HandshakeAllThreads (Deoptimize)
Event: 0.541 Executing VM operation: HandshakeAllThreads (Deoptimize) done
Event: 0.601 Executing VM operation: HandshakeAllThreads (Deoptimize)
Event: 0.601 Executing VM operation: HandshakeAllThreads (Deoptimize) done
Event: 1.200 Executing VM operation: HandshakeAllThreads (Deoptimize)
Event: 1.200 Executing VM operation: HandshakeAllThreads (Deoptimize) done
Event: 1.202 Executing VM operation: HandshakeAllThreads (Deoptimize)
Event: 1.202 Executing VM operation: HandshakeAllThreads (Deoptimize) done
Event: 1.293 Executing VM operation: HandshakeAllThreads (Deoptimize)
Event: 1.293 Executing VM operation: HandshakeAllThreads (Deoptimize) done
Event: 1.298 Executing VM operation: HandshakeAllThreads (Deoptimize)
Event: 1.298 Executing VM operation: HandshakeAllThreads (Deoptimize) done
Event: 2.311 Executing VM operation: Cleanup
Event: 2.311 Executing VM operation: Cleanup done

Memory protections (0 events):
No events

Nmethod flushes (0 events):
No events

Events (20 events):
Event: 0.267 Thread 0x00000270634886f0 Thread exited: 0x00000270634886f0
Event: 0.306 Thread 0x00000270037e64f0 Thread added: 0x00000270636c5780
Event: 0.516 Thread 0x00000270037e64f0 Thread added: 0x0000027063a27970
Event: 0.540 Thread 0x00000270037e64f0 Thread added: 0x00000270639fee00
Event: 0.541 Thread 0x00000270037e64f0 Thread added: 0x00000270639ff460
Event: 0.541 Thread 0x00000270037e64f0 Thread added: 0x00000270639ffac0
Event: 0.543 Thread 0x00000270639ff460 Thread added: 0x0000027063aac190
Event: 0.601 Thread 0x0000027063aac190 Thread added: 0x0000027063aac7f0
Event: 0.626 Thread 0x00000270037e64f0 Thread added: 0x0000027063aedc00
Event: 0.627 Thread 0x00000270037e64f0 Thread added: 0x0000027063b1f580
Event: 0.659 Thread 0x0000027063a27970 Thread added: 0x0000027063b1eef0
Event: 0.660 Thread 0x0000027063a27970 Thread added: 0x0000027063b202a0
Event: 0.660 Thread 0x0000027063a27970 Thread added: 0x0000027063b1e1d0
Event: 1.199 Thread 0x00000270632f10f0 Thread exited: 0x00000270632f10f0
Event: 1.250 Thread 0x00000270037e64f0 Thread added: 0x0000027063b20930
Event: 1.250 Thread 0x00000270037e64f0 Thread added: 0x0000027063b20fc0
Event: 1.253 Thread 0x0000027063b20930 Thread added: 0x0000027063b1db40
Event: 1.253 Thread 0x0000027063b20930 Thread added: 0x0000027063b1e860
Event: 9.645 Thread 0x000002701dda0e90 Thread added: 0x0000027063037910
Event: 9.805 Thread 0x0000027063037910 Thread exited: 0x0000027063037910


Dynamic libraries:
0x00007ff6f9310000 - 0x00007ff6f931e000 	C:\Users\Priya.UTPL\.p2\pool\plugins\org.eclipse.justj.openjdk.hotspot.jre.full.win32.x86_64_21.0.7.v20250502-0916\jre\bin\javaw.exe
0x00007ffae77e0000 - 0x00007ffae7a45000 	C:\WINDOWS\SYSTEM32\ntdll.dll
0x00007ffae5720000 - 0x00007ffae57e9000 	C:\WINDOWS\System32\KERNEL32.DLL
0x00007ffae4b10000 - 0x00007ffae4ef8000 	C:\WINDOWS\System32\KERNELBASE.dll
0x00007ffae5400000 - 0x00007ffae554b000 	C:\WINDOWS\System32\ucrtbase.dll
0x00007ffae03f0000 - 0x00007ffae0408000 	C:\Users\Priya.UTPL\.p2\pool\plugins\org.eclipse.justj.openjdk.hotspot.jre.full.win32.x86_64_21.0.7.v20250502-0916\jre\bin\jli.dll
0x00007ffae0410000 - 0x00007ffae042e000 	C:\Users\Priya.UTPL\.p2\pool\plugins\org.eclipse.justj.openjdk.hotspot.jre.full.win32.x86_64_21.0.7.v20250502-0916\jre\bin\VCRUNTIME140.dll
0x00007ffae5550000 - 0x00007ffae571a000 	C:\WINDOWS\System32\USER32.dll
0x00007ffae5140000 - 0x00007ffae5167000 	C:\WINDOWS\System32\win32u.dll
0x00007ffae59c0000 - 0x00007ffae59eb000 	C:\WINDOWS\System32\GDI32.dll
0x00007ffae3b90000 - 0x00007ffae3e2a000 	C:\WINDOWS\WinSxS\amd64_microsoft.windows.common-controls_6595b64144ccf1df_6.0.26100.4202_none_3e0698d4e335f517\COMCTL32.dll
0x00007ffae5170000 - 0x00007ffae52a7000 	C:\WINDOWS\System32\gdi32full.dll
0x00007ffae6a20000 - 0x00007ffae6ac9000 	C:\WINDOWS\System32\msvcrt.dll
0x00007ffae5350000 - 0x00007ffae53f3000 	C:\WINDOWS\System32\msvcp_win.dll
0x00007ffae6440000 - 0x00007ffae6470000 	C:\WINDOWS\System32\IMM32.DLL
0x00007ffae03e0000 - 0x00007ffae03ec000 	C:\Users\Priya.UTPL\.p2\pool\plugins\org.eclipse.justj.openjdk.hotspot.jre.full.win32.x86_64_21.0.7.v20250502-0916\jre\bin\vcruntime140_1.dll
0x00007ffad60d0000 - 0x00007ffad615d000 	C:\Users\Priya.UTPL\.p2\pool\plugins\org.eclipse.justj.openjdk.hotspot.jre.full.win32.x86_64_21.0.7.v20250502-0916\jre\bin\msvcp140.dll
0x00007ffaaaf70000 - 0x00007ffaabd00000 	C:\Users\Priya.UTPL\.p2\pool\plugins\org.eclipse.justj.openjdk.hotspot.jre.full.win32.x86_64_21.0.7.v20250502-0916\jre\bin\server\jvm.dll
0x00007ffae6380000 - 0x00007ffae6433000 	C:\WINDOWS\System32\ADVAPI32.dll
0x00007ffae57f0000 - 0x00007ffae5896000 	C:\WINDOWS\System32\sechost.dll
0x00007ffae7650000 - 0x00007ffae7765000 	C:\WINDOWS\System32\RPCRT4.dll
0x00007ffae6520000 - 0x00007ffae6594000 	C:\WINDOWS\System32\WS2_32.dll
0x00007ffae4160000 - 0x00007ffae41be000 	C:\WINDOWS\SYSTEM32\POWRPROF.dll
0x00007ffad6240000 - 0x00007ffad624b000 	C:\WINDOWS\SYSTEM32\VERSION.dll
0x00007ffad8ed0000 - 0x00007ffad8f05000 	C:\WINDOWS\SYSTEM32\WINMM.dll
0x00007ffae4030000 - 0x00007ffae4044000 	C:\WINDOWS\SYSTEM32\UMPDC.dll
0x00007ffae2d50000 - 0x00007ffae2d6b000 	C:\WINDOWS\SYSTEM32\kernel.appcore.dll
0x00007ffae05d0000 - 0x00007ffae05da000 	C:\Users\Priya.UTPL\.p2\pool\plugins\org.eclipse.justj.openjdk.hotspot.jre.full.win32.x86_64_21.0.7.v20250502-0916\jre\bin\jimage.dll
0x00007ffae41f0000 - 0x00007ffae4431000 	C:\WINDOWS\SYSTEM32\DBGHELP.DLL
0x00007ffae5ff0000 - 0x00007ffae6375000 	C:\WINDOWS\System32\combase.dll
0x00007ffae7550000 - 0x00007ffae7631000 	C:\WINDOWS\System32\OLEAUT32.dll
0x00007ffae4050000 - 0x00007ffae4089000 	C:\WINDOWS\SYSTEM32\dbgcore.DLL
0x00007ffae52b0000 - 0x00007ffae5349000 	C:\WINDOWS\System32\bcryptPrimitives.dll
0x00007ffadba80000 - 0x00007ffadba9f000 	C:\Users\Priya.UTPL\.p2\pool\plugins\org.eclipse.justj.openjdk.hotspot.jre.full.win32.x86_64_21.0.7.v20250502-0916\jre\bin\java.dll
0x00007ffae6db0000 - 0x00007ffae74f2000 	C:\WINDOWS\System32\SHELL32.dll
0x00007ffae4fc0000 - 0x00007ffae5134000 	C:\WINDOWS\System32\wintypes.dll
0x00007ffae18b0000 - 0x00007ffae2108000 	C:\WINDOWS\SYSTEM32\windows.storage.dll
0x00007ffae6870000 - 0x00007ffae6961000 	C:\WINDOWS\System32\SHCORE.dll
0x00007ffae58a0000 - 0x00007ffae590a000 	C:\WINDOWS\System32\shlwapi.dll
0x00007ffae4810000 - 0x00007ffae483f000 	C:\WINDOWS\SYSTEM32\profapi.dll
0x00007ffadba40000 - 0x00007ffadba58000 	C:\Users\Priya.UTPL\.p2\pool\plugins\org.eclipse.justj.openjdk.hotspot.jre.full.win32.x86_64_21.0.7.v20250502-0916\jre\bin\zip.dll
0x00007ffae0450000 - 0x00007ffae0460000 	C:\Users\Priya.UTPL\.p2\pool\plugins\org.eclipse.justj.openjdk.hotspot.jre.full.win32.x86_64_21.0.7.v20250502-0916\jre\bin\net.dll
0x00007ffadcf10000 - 0x00007ffadd02e000 	C:\WINDOWS\SYSTEM32\WINHTTP.dll
0x00007ffae3260000 - 0x00007ffae32ca000 	C:\WINDOWS\system32\mswsock.dll
0x00007ffadb900000 - 0x00007ffadb916000 	C:\Users\Priya.UTPL\.p2\pool\plugins\org.eclipse.justj.openjdk.hotspot.jre.full.win32.x86_64_21.0.7.v20250502-0916\jre\bin\nio.dll
0x00007ffad6210000 - 0x00007ffad6219000 	C:\Users\Priya.UTPL\.p2\pool\plugins\org.eclipse.justj.openjdk.hotspot.jre.full.win32.x86_64_21.0.7.v20250502-0916\jre\bin\extnet.dll
0x00007ffae2570000 - 0x00007ffae2697000 	C:\WINDOWS\SYSTEM32\DNSAPI.dll
0x00007ffae2530000 - 0x00007ffae2563000 	C:\WINDOWS\SYSTEM32\IPHLPAPI.DLL
0x00007ffae7640000 - 0x00007ffae764a000 	C:\WINDOWS\System32\NSI.dll
0x00007ffadb8f0000 - 0x00007ffadb8fb000 	C:\Windows\System32\rasadhlp.dll
0x00007ffadd810000 - 0x00007ffadd896000 	C:\WINDOWS\System32\fwpuclnt.dll
0x00007ffadd600000 - 0x00007ffadd60a000 	C:\Users\Priya.UTPL\.p2\pool\plugins\org.eclipse.justj.openjdk.hotspot.jre.full.win32.x86_64_21.0.7.v20250502-0916\jre\bin\management.dll
0x00007ffadd1a0000 - 0x00007ffadd1ab000 	C:\Users\Priya.UTPL\.p2\pool\plugins\org.eclipse.justj.openjdk.hotspot.jre.full.win32.x86_64_21.0.7.v20250502-0916\jre\bin\management_ext.dll
0x00007ffae6510000 - 0x00007ffae6518000 	C:\WINDOWS\System32\PSAPI.DLL
0x00007ffae4540000 - 0x00007ffae455b000 	C:\WINDOWS\SYSTEM32\CRYPTSP.dll
0x00007ffae36d0000 - 0x00007ffae370a000 	C:\WINDOWS\system32\rsaenh.dll
0x00007ffae32d0000 - 0x00007ffae32fb000 	C:\WINDOWS\SYSTEM32\USERENV.dll
0x00007ffae47e0000 - 0x00007ffae4806000 	C:\WINDOWS\SYSTEM32\bcrypt.dll
0x00007ffae3920000 - 0x00007ffae392c000 	C:\WINDOWS\SYSTEM32\CRYPTBASE.dll
0x00007ffae0350000 - 0x00007ffae035e000 	C:\Users\Priya.UTPL\.p2\pool\plugins\org.eclipse.justj.openjdk.hotspot.jre.full.win32.x86_64_21.0.7.v20250502-0916\jre\bin\sunmscapi.dll
0x00007ffae4900000 - 0x00007ffae4a77000 	C:\WINDOWS\System32\CRYPT32.dll
0x00007ffae38e0000 - 0x00007ffae3910000 	C:\WINDOWS\SYSTEM32\ncrypt.dll
0x00007ffae3890000 - 0x00007ffae38cf000 	C:\WINDOWS\SYSTEM32\NTASN1.dll
0x00007ffae4090000 - 0x00007ffae4098000 	C:\WINDOWS\system32\wshunix.dll

dbghelp: loaded successfully - version: 4.0.5 - missing functions: none
symbol engine: initialized successfully - sym options: 0x614 - pdb path: .;C:\Users\Priya.UTPL\.p2\pool\plugins\org.eclipse.justj.openjdk.hotspot.jre.full.win32.x86_64_21.0.7.v20250502-0916\jre\bin;C:\WINDOWS\SYSTEM32;C:\WINDOWS\WinSxS\amd64_microsoft.windows.common-controls_6595b64144ccf1df_6.0.26100.4202_none_3e0698d4e335f517;C:\Users\Priya.UTPL\.p2\pool\plugins\org.eclipse.justj.openjdk.hotspot.jre.full.win32.x86_64_21.0.7.v20250502-0916\jre\bin\server

VM Arguments:
jvm_args: -Dfile.encoding=UTF-8 -Dstdout.encoding=UTF-8 -Dstderr.encoding=UTF-8 -XX:+ShowCodeDetailsInExceptionMessages 
java_command: Events_Coinpedia.test
java_class_path (initial): C:\Eclipse java 06 may\Seleniumwebdriver\target\test-classes;C:\Eclipse java 06 may\Seleniumwebdriver\target\classes;C:\Users\Priya.UTPL\.p2\pool\plugins\org.junit_4.13.2.v20240929-1000.jar;C:\Users\Priya.UTPL\.p2\pool\plugins\org.hamcrest_3.0.0.jar;C:\Users\Priya.UTPL\.m2\repository\org\seleniumhq\selenium\selenium-java\4.33.0\selenium-java-4.33.0.jar;C:\Users\Priya.UTPL\.m2\repository\org\seleniumhq\selenium\selenium-api\4.33.0\selenium-api-4.33.0.jar;C:\Users\Priya.UTPL\.m2\repository\org\jspecify\jspecify\1.0.0\jspecify-1.0.0.jar;C:\Users\Priya.UTPL\.m2\repository\org\seleniumhq\selenium\selenium-chrome-driver\4.33.0\selenium-chrome-driver-4.33.0.jar;C:\Users\Priya.UTPL\.m2\repository\com\google\auto\service\auto-service-annotations\1.1.1\auto-service-annotations-1.1.1.jar;C:\Users\Priya.UTPL\.m2\repository\org\seleniumhq\selenium\selenium-chromium-driver\4.33.0\selenium-chromium-driver-4.33.0.jar;C:\Users\Priya.UTPL\.m2\repository\org\seleniumhq\selenium\selenium-json\4.33.0\selenium-json-4.33.0.jar;C:\Users\Priya.UTPL\.m2\repository\org\seleniumhq\selenium\selenium-manager\4.33.0\selenium-manager-4.33.0.jar;C:\Users\Priya.UTPL\.m2\repository\org\seleniumhq\selenium\selenium-devtools-v135\4.33.0\selenium-devtools-v135-4.33.0.jar;C:\Users\Priya.UTPL\.m2\repository\org\seleniumhq\selenium\selenium-devtools-v136\4.33.0\selenium-devtools-v136-4.33.0.jar;C:\Users\Priya.UTPL\.m2\repository\org\seleniumhq\selenium\selenium-devtools-v137\4.33.0\selenium-devtools-v137-4.33.0.jar;C:\Users\Priya.UTPL\.m2\repository\org\seleniumhq\selenium\selenium-edge-driver\4.33.0\selenium-edge-driver-4.33.0.jar;C:\Users\Priya.UTPL\.m2\repository\org\seleniumhq\selenium\selenium-firefox-driver\4.33.0\selenium-firefox-driver-4.33.0.jar;C:\Users\Priya.UTPL\.m2\repository\org\seleniumhq\selenium\selenium-http\4.33.0\selenium-http-4.33.0.jar;C:\Users\Priya.UTPL\.m2\repository\org\seleniumhq\selenium\selenium-ie-driver\4.33.0\selenium-ie-driver-4.33.0.jar;C:\Users\Priya.UTPL\.m2\repository\org\seleniumhq\selenium\selenium-remote-driver\4.33.0\selenium-remote-driver-4.33.0.jar;C:\Users\Priya.UTPL\.m2\repository\com\google\guava\guava\33.4.8-jre\guava-33.4.8-jre.jar;C:\Users\Priya.UTPL\.m2\repository\com\google\guava\failureaccess\1.0.3\failureaccess-1.0.3.jar;C:\Users\Priya.UTPL\.m2\repository\com\google\guava\listenablefuture\9999.0-empty-to-avoid-conflict-with-guava\listenablefuture-9999.0-empty-to-avoid-conflict-with-guava.jar;C:\Users\Priya.UTPL\.m2\repository\com\google\errorprone\error_prone_annotations\2.36.0\error_prone_annotations-2.36.0.jar;C:\Users\Priya.UTPL\.m2\repository\com\google\j2objc\j2objc-annotations\3.0.0\j2objc-annotations-3.0.0.jar;C:\Users\Priya.UTPL\.m2\repository\io\opentelemetry\opentelemetry-api\1.50.0\opentelemetry-api-1.50.0.jar;C:\Users\Priya.UTPL\.m2\repository\io\opentelemetry\opentelemetry-context\1.50.0\opentelemetry-context-1.50.0.jar;C:\Users\Priya.UTPL\.m2\repository\io\opentelemetry\opentelemetry-exporter-logging\1.50.0\opentelemetry-exporter-logging-1.50.0.jar;C:\Users\Priya.UTPL\.m2\repository\io\opentelemetry\opentelemetry-sdk-common\1.50.0\opentelemetry-sdk-common-1.50.0.jar;C:\Users\Priya.UTPL\.m2\repository\io\opentelemetry\opentelemetry-sdk-extension-autoconfigure-spi\1.50.0\opentelemetry-sdk-extension-autoconfigure-spi-1.50.0.jar;C:\Users\Priya.UTPL\.m2\repository\io\opentelemetry\opentelemetry-sdk-extension-autoconfigure\1.50.0\opentelemetry-sdk-extension-autoconfigure-1.50.0.jar;C:\Users\Priya.UTPL\.m2\repository\io\opentelemetry\opentelemetry-sdk-trace\1.50.0\opentelemetry-sdk-trace-1.50.0.jar;C:\Users\Priya.UTPL\.m2\repository\io\opentelemetry\opentelemetry-sdk\1.50.0\opentelemetry-sdk-1.50.0.jar;C:\Users\Priya.UTPL\.m2\repository\io\opentelemetry\opentelemetry-sdk-metrics\1.50.0\opentelemetry-sdk-metrics-1.50.0.jar;C:\Users\Priya.UTPL\.m2\repository\io\opentelemetry\opentelemetry-sdk-logs\1.50.0\opentelemetry-sdk-logs-1.50.0.jar;C:\Users\Priya.UTPL\.m2\repository\net\bytebuddy\byte-buddy\1.17.5\byte-buddy-1.17.5.jar;C:\Users\Priya.UTPL\.m2\repository\org\seleniumhq\selenium\selenium-os\4.33.0\selenium-os-4.33.0.jar;C:\Users\Priya.UTPL\.m2\repository\org\apache\commons\commons-exec\1.4.0\commons-exec-1.4.0.jar;C:\Users\Priya.UTPL\.m2\repository\org\seleniumhq\selenium\selenium-safari-driver\4.33.0\selenium-safari-driver-4.33.0.jar;C:\Users\Priya.UTPL\.m2\repository\org\seleniumhq\selenium\selenium-support\4.33.0\selenium-support-4.33.0.jar
Launcher Type: SUN_STANDARD

[Global flags]
     intx CICompilerCount                          = 4                                         {product} {ergonomic}
     uint ConcGCThreads                            = 3                                         {product} {ergonomic}
     uint G1ConcRefinementThreads                  = 10                                        {product} {ergonomic}
   size_t G1HeapRegionSize                         = 1048576                                   {product} {ergonomic}
    uintx GCDrainStackTargetSize                   = 64                                        {product} {ergonomic}
   size_t InitialHeapSize                          = 130023424                                 {product} {ergonomic}
   size_t MarkStackSize                            = 4194304                                   {product} {ergonomic}
   size_t MaxHeapSize                              = 2063597568                                {product} {ergonomic}
   size_t MaxNewSize                               = 1237319680                                {product} {ergonomic}
   size_t MinHeapDeltaBytes                        = 1048576                                   {product} {ergonomic}
   size_t MinHeapSize                              = 8388608                                   {product} {ergonomic}
    uintx NonNMethodCodeHeapSize                   = 5839372                                {pd product} {ergonomic}
    uintx NonProfiledCodeHeapSize                  = 122909434                              {pd product} {ergonomic}
    uintx ProfiledCodeHeapSize                     = 122909434                              {pd product} {ergonomic}
    uintx ReservedCodeCacheSize                    = 251658240                              {pd product} {ergonomic}
     bool SegmentedCodeCache                       = true                                      {product} {ergonomic}
     bool ShowCodeDetailsInExceptionMessages       = true                                   {manageable} {command line}
   size_t SoftMaxHeapSize                          = 2063597568                             {manageable} {ergonomic}
     bool UseCompressedOops                        = true                           {product lp64_product} {ergonomic}
     bool UseG1GC                                  = true                                      {product} {ergonomic}
     bool UseLargePagesIndividualAllocation        = false                                  {pd product} {ergonomic}

Logging:
Log output configuration:
 #0: stdout all=warning uptime,level,tags foldmultilines=false
 #1: stderr all=off uptime,level,tags foldmultilines=false

Environment Variables:
PATH=C:/Users/Priya.UTPL/.p2/pool/plugins/org.eclipse.justj.openjdk.hotspot.jre.full.win32.x86_64_21.0.7.v20250502-0916/jre/bin/server;C:/Users/Priya.UTPL/.p2/pool/plugins/org.eclipse.justj.openjdk.hotspot.jre.full.win32.x86_64_21.0.7.v20250502-0916/jre/bin;C:\WINDOWS\system32;C:\WINDOWS;C:\WINDOWS\System32\Wbem;C:\WINDOWS\System32\WindowsPowerShell\v1.0\;C:\WINDOWS\System32\OpenSSH\;C:\Users\Priya.UTPL\AppData\Local\Microsoft\WindowsApps;C:\Users\Priya.UTPL\AppData\Local\Programs\Microsoft VS Code\bin;;C:\Users\Priya.UTPL\Desktop;
USERNAME=Priya
OS=Windows_NT
PROCESSOR_IDENTIFIER=Intel64 Family 6 Model 151 Stepping 5, GenuineIntel
TMP=C:\Users\PRIYA~1.UTP\AppData\Local\Temp
TEMP=C:\Users\PRIYA~1.UTP\AppData\Local\Temp




Periodic native trim disabled

---------------  S Y S T E M  ---------------

OS:
 Windows 11 , 64 bit Build 26100 (10.0.26100.4202)
OS uptime: 0 days 2:50 hours
Hyper-V role detected

CPU: total 12 (initial active 12) (6 cores per cpu, 2 threads per core) family 6 model 151 stepping 5 microcode 0x1e, cx8, cmov, fxsr, ht, mmx, 3dnowpref, sse, sse2, sse3, ssse3, sse4.1, sse4.2, popcnt, lzcnt, tsc, tscinvbit, avx, avx2, aes, erms, clmul, bmi1, bmi2, adx, sha, fma, vzeroupper, clflush, clflushopt, clwb, hv, serialize, rdtscp, rdpid, fsrm, f16c, cet_ibt, cet_ss
Processor Information for the first 12 processors :
  Max Mhz: 2500, Current Mhz: 2500, Mhz Limit: 2500

Memory: 4k page, system-wide physical 7867M (646M free)
TotalPageFile size 14951M (AvailPageFile size 5M)
current process WorkingSet (physical memory assigned to process): 100M, peak: 101M
current process commit charge ("private bytes"): 233M, peak: 234M

vm_info: OpenJDK 64-Bit Server VM (21.0.7+6-LTS) for windows-amd64 JRE (21.0.7+6-LTS), built on 2025-04-15T00:00:00Z by "admin" with MS VC++ 17.7 (VS2022)

END.
